<?xml version="1.0" encoding="UTF-8"?>
<!-- Generated by org.testng.reporters.JUnitReportReporter -->
<testsuite hostname="Shiva" failures="0" tests="1" name="selenium.screenshot" time="24.100" errors="0" timestamp="2022-10-26T21:43:49 IST" skipped="0">
  <testcase classname="selenium.screenshot" name="searchTestCase" time="24.100"/>
  <system-out/>
</testsuite> <!-- selenium.screenshot -->
