<?xml version="1.0" encoding="UTF-8"?>
<!-- Generated by org.testng.reporters.JUnitReportReporter -->
<testsuite hostname="Shiva" failures="0" tests="1" name="selenium.verifytitle" time="21.252" errors="0" timestamp="2022-10-26T21:27:51 IST" skipped="0">
  <testcase classname="selenium.verifytitle" name="man" time="21.252"/>
  <system-out/>
</testsuite> <!-- selenium.verifytitle -->
