<?xml version="1.0" encoding="UTF-8"?>
<!-- Generated by org.testng.reporters.JUnitReportReporter -->
<testsuite hostname="Shiva" failures="0" tests="1" name="selenium.propertiesfile" time="5.222" errors="0" timestamp="2022-10-27T10:45:23 IST" skipped="0">
  <testcase classname="selenium.propertiesfile" name="abc" time="5.222"/>
  <system-out/>
</testsuite> <!-- selenium.propertiesfile -->
